<?xml version="1.0" encoding="UTF-8"?>
<!-- Generated by org.testng.reporters.JUnitReportReporter -->
<testsuite hostname="WKWIN8926693" failures="0" tests="3" name="Tests.AutomationTests" time="3.633" errors="0" timestamp="2022-07-15T12:05:58 IST" skipped="0">
  <testcase classname="Tests.AutomationTests" name="TestCase3" time="0.136"/>
  <system-out/>
  <testcase classname="Tests.AutomationTests" name="TestCase2" time="2.920"/>
  <system-out/>
  <testcase classname="Tests.AutomationTests" name="TestCase1" time="0.577"/>
  <system-out/>
</testsuite> <!-- Tests.AutomationTests -->
